[2025-11-23 15:37 UTC] Classified: 415 items | mention: 279 | bug: 33 | love: 20 | question: 67 | other: 16
[2025-11-23 15:38 UTC] Classified: 415 items | mention: 275 | bug: 31 | love: 33 | question: 66 | other: 10
[2025-11-23 15:40 UTC] Classified: 2 items | mention: 1 | bug: 0 | love: 0 | question: 1 | other: 0
[2025-11-23 15:49 UTC] Classified: 2 items | mention: 1 | bug: 1 | love: 0 | question: 0 | other: 0
[2025-11-23 15:54 UTC] Classified: 2 items | mention: 278 | bug: 32 | love: 33 | question: 68 | other: 10
[2025-11-23 15:58 UTC] Classified: 1 items | mention: 1 | bug: 0 | love: 0 | question: 0 | other: 0
[2025-11-23 16:08 UTC] Classified: 3 items | mention: 2 | bug: 0 | love: 0 | question: 1 | other: 0
[2025-11-23 16:21 UTC] Classified: 2 items | mention: 1 | bug: 1 | love: 0 | question: 0 | other: 0
[2025-11-23 16:21 UTC] Classified: 2 items | mention: 1 | bug: 0 | love: 1 | question: 0 | other: 0
[2025-11-23 16:47 UTC] Classified: 2 items | mention: 0 | bug: 1 | love: 0 | question: 1 | other: 0
[2025-11-23 16:56 UTC] Classified: 2 items | mention: 1 | bug: 0 | love: 1 | question: 0 | other: 0
[2025-11-23 17:08 UTC] Classified: 3 items | mention: 2 | bug: 0 | love: 0 | question: 1 | other: 0
[2025-11-23 17:18 UTC] Classified: 3 items | mention: 2 | bug: 1 | love: 0 | question: 0 | other: 0
[2025-11-23 17:31 UTC] Classified: 4 items | mention: 289 | bug: 35 | love: 37 | question: 72 | other: 10
[2025-11-23 17:39 UTC] Classified: 1 items | mention: 0 | bug: 1 | love: 0 | question: 0 | other: 0
[2025-11-23 00:00 UTC] Classified: 1 items | mention: 1 | bug: 0 | love: 0 | question: 0 | other: 0
[2025-11-23 18:10 UTC] Classified: 4 items | mention: 1 | bug: 0 | love: 2 | question: 1 | other: 0
[2025-11-23 18:23 UTC] Classified: 6 items | mention: 6 | bug: 0 | love: 0 | question: 0 | other: 0
[2025-11-23 18:41 UTC] Classified: 1 items | mention: 1 | bug: 0 | love: 0 | question: 0 | other: 0
[2025-11-23 18:52 UTC] Classified: 1 items | mention: 0 | bug: 1 | love: 0 | question: 0 | other: 0
[2025-11-23 19:07 UTC] Classified: 1 items | mention: 1 | bug: 0 | love: 0 | question: 0 | other: 0
[2025-11-23 19:28 UTC] Classified: 2 items | love: 1 | question: 1
[2025-11-23 19:55 UTC] Classified: 1 items | mention: 0 | bug: 0 | love: 1 | question: 0 | other: 0
[2025-11-23 20:20 UTC] Classified: 1 items | mention: 1 | bug: 0 | love: 0 | question: 0 | other: 0
[2025-11-23 20:33 UTC] Classified: 1 items | mention: 1 | bug: 0 | love: 0 | question: 0 | other: 0
[2025-11-23 20:54 UTC] Classified: 3 items | mention: 2 | bug: 1 | love: 0 | question: 0 | other: 0
[2025-11-23 21:06 UTC] Classified: 1 items | mention: 0 | bug: 0 | love: 0 | question: 1 | other: 0
[2025-11-23 21:20 UTC] Classified: 1 items | mention: 1 | bug: 0 | love: 0 | question: 0 | other: 0
[2025-11-23 21:55 UTC] Classified: 3 items | mention: 2 | bug: 1
[2025-11-23 22:19 UTC] Classified: 0 items | mention: 0 | bug: 0 | love: 0 | question: 0 | other: 0
[2025-11-23 22:19 UTC] Classified: 0 items | mention: 0 | bug: 0 | love: 0 | question: 0 | other: 0
[2025-11-23 22:55 UTC] Classified: 20 items | mention: 6 | bug: 0 | love: 0 | question: 7 | other: 7
[2025-11-23 23:48 UTC] Classified: 1 items | mention: 0 | bug: 1 | love: 0 | question: 0 | other: 0
[2025-11-24 00:27 UTC] Classified: 1 items | mention: 1 | bug: 0 | love: 0 | question: 0 | other: 0
[2025-11-24 01:26 UTC] Classified: 3 items | mention: 0 | bug: 1 | love: 0 | question: 2 | other: 0
[2025-11-24 02:18 UTC] Classified: 3 items | mention: 0 | bug: 1 | love: 0 | question: 2 | other: 0
[2025-11-24 03:00 UTC] Classified: 5 items | mention: 2 | bug: 1 | love: 0 | question: 2 | other: 0
[2025-11-24 04:24 UTC] Classified: 1 items | mention: 0 | bug: 0 | love: 1 | question: 0 | other: 0
[2025-11-24 04:45 UTC] Classified: 1 items | mention: 308 | bug: 41 | love: 42 | question: 83 | other: 12
[2025-11-24 05:11 UTC] Classified: 1 items | mention: 0 | bug: 0 | love: 0 | question: 1 | other: 0
[2025-11-24 05:48 UTC] Classified: 2 items | mention: 308 | bug: 41 | love: 42 | question: 86 | other: 12
[2025-11-24 06:00 UTC] Classified: 1 items | mention: 0 | bug: 0 | love: 0 | question: 1 | other: 0
[2025-11-24 06:46 UTC] Classified: 1 items | mention: 1 | bug: 0 | love: 0 | question: 0 | other: 0
[2025-11-24 06:58 UTC] Classified: 1 items | mention: 1 | bug: 0 | love: 0 | question: 0 | other: 0
[2025-11-24 07:10 UTC] Classified: 4 items | mention: 3 | bug: 0 | love: 1 | question: 0 | other: 0
[2025-11-24 07:23 UTC] Classified: 4 items | mention: 2 | bug: 2 | love: 0 | question: 0 | other: 0
[2025-11-24 07:39 UTC] Classified: 1 items | mention: 1 | bug: 0 | love: 0 | question: 0 | other: 0
[2025-11-24 08:25 UTC] Classified: 1 items | mention: 0 | bug: 0 | love: 0 | question: 1 | other: 0
[2025-11-24 09:00 UTC] Classified: 2 items | mention: 0 | bug: 1 | love: 0 | question: 1 | other: 0
[2025-11-24 08:58 UTC] Classified: 3 items | mention: 0 | bug: 1 | love: 0 | question: 2 | other: 0
[2025-11-24 09:12 UTC] Classified: 1 items | mention: 0 | bug: 0 | love: 1 | question: 0 | other: 0
[2025-11-24 09:33 UTC] Classified: 7 items | mention: 5 | bug: 0 | love: 1 | question: 1 | other: 0
[2025-11-24 09:48 UTC] Classified: 1 items | mention: 321 | bug: 46 | love: 45 | question: 92 | other: 12
[2025-11-24 10:37 UTC] Classified: 1 items | mention: 321 | bug: 46 | love: 46 | question: 92 | other: 12
[2025-11-24 10:41 UTC] Classified: 1 items | mention: 0 | bug: 1 | love: 0 | question: 0 | other: 0
[2025-11-24 00:00 UTC] Classified: 1 items | mention: 321 | bug: 48 | love: 46 | question: 92 | other: 12
[2025-11-24 11:07 UTC] Classified: 1 items | mention: 1 | bug: 0 | love: 0 | question: 0 | other: 0
[2025-11-24 11:19 UTC] Classified: 7 items | mention: 4 | bug: 2 | love: 1 | question: 0 | other: 0
[2025-11-24 11:30 UTC] Classified: 4 items | mention: 0 | bug: 0 | love: 1 | question: 0 | other: 3
[2025-11-24 11:39 UTC] Classified: 1 items | mention: 326 | bug: 50 | love: 49 | question: 92 | other: 15
[2025-11-24 11:48 UTC] Classified: 1 items | mention: 1 | bug: 0 | love: 0 | question: 0 | other: 0
[2025-11-24 12:12 UTC] Classified: 3 items | mention: 3 | bug: 0 | love: 0 | question: 0 | other: 0
[2025-11-24 12:28 UTC] Classified: 4 items | mention: 4 | bug: 0 | love: 0 | question: 0 | other: 0
[2025-11-24 12:50 UTC] Classified: 3 items | mention: 1 | bug: 0 | love: 1 | question: 1 | other: 0
[2025-11-24 13:10 UTC] Classified: 1 items | mention: 336 | bug: 50 | love: 50 | question: 93 | other: 15
[2025-11-24 13:27 UTC] Classified: 4 items | mention: 1 | bug: 0 | love: 3 | question: 0 | other: 0
[2025-11-24 13:45 UTC] Classified: 1 items | mention: 1 | bug: 0 | love: 0 | question: 0 | other: 0
[2025-11-24 13:57 UTC] Classified: 4 items | mention: 2 | bug: 0 | love: 1 | question: 2 | other: 0
[2025-11-24 14:56 UTC] Classified: 8 items | mention: 4 | bug: 2 | love: 2 | question: 0 | other: 0
[2025-11-24 14:59 UTC] Classified: 1 items | mention: 0 | bug: 0 | love: 0 | question: 1 | other: 0
[2025-11-24 15:07 UTC] Classified: 2 items | mention: 1 | bug: 0 | love: 0 | question: 1 | other: 0
[2025-11-24 15:09 UTC] Classified: 2 items | mention: 1 | bug: 0 | love: 0 | question: 1 | other: 0
[2025-11-24 15:23 UTC] Classified: 3 items | mention: 0 | bug: 3 | love: 0 | question: 0 | other: 0
[2025-11-24 15:40 UTC] Classified: 3 items | mention: 3 | bug: 0 | love: 0 | question: 0 | other: 0
[2025-11-24 16:10 UTC] Classified: 1 items | mention: 0 | bug: 1 | love: 0 | question: 0 | other: 0
[2025-11-24 16:25 UTC] Classified: 3 items | mention: 3 | bug: 0 | love: 0 | question: 0 | other: 0
[2025-11-24 16:40 UTC] Classified: 1 items | mention: 0 | bug: 1 | love: 0 | question: 0 | other: 0
[2025-11-24 16:51 UTC] Classified: 2 items | mention: 1 | bug: 1 | love: 0 | question: 0 | other: 0
[2025-11-24 16:57 UTC] Classified: 2 items | mention: 0 | bug: 1 | love: 1 | question: 0 | other: 0
[2025-11-24 17:11 UTC] Classified: 4 items | mention: 0 | bug: 2 | love: 1 | question: 2 | other: 0
[2025-11-24 17:24 UTC] Classified: 1 items | mention: 1 | bug: 0 | love: 0 | question: 0 | other: 0
[2025-11-24 17:39 UTC] Classified: 1 items | mention: 0 | bug: 0 | love: 0 | question: 1 | other: 0
[2025-11-24 18:11 UTC] Classified: 2 items | mention: 1 | bug: 0 | love: 1 | question: 0 | other: 0
[2025-11-24 18:45 UTC] Classified: 2 items | mention: 355 | bug: 60 | love: 60 | question: 101 | other: 15
[2025-11-24 18:58 UTC] Classified: 1 items | mention: 355 | bug: 60 | love: 60 | question: 102 | other: 15
[2025-11-24 19:07 UTC] Classified: 6 items | mention: 4 | bug: 0 | love: 1 | question: 1 | other: 0
[2025-11-24 19:20 UTC] Classified: 6 items | mention: 1 | bug: 0 | love: 3 | question: 2 | other: 0
[2025-11-24 19:29 UTC] Classified: 2 items | mention: 1 | bug: 0 | love: 0 | question: 1 | other: 0
[2025-11-24 19:38 UTC] Classified: 1 items | mention: 362 | bug: 60 | love: 64 | question: 106 | other: 15
[2025-11-24 19:55 UTC] Classified: 3 items | mention: 2 | bug: 0 | love: 1 | question: 0 | other: 0
[2025-11-24 20:08 UTC] Classified: 3 items | mention: 1 | bug: 0 | love: 1 | question: 1 | other: 0
[2025-11-24 20:22 UTC] Classified: 2 items | mention: 1 | bug: 0 | love: 1 | question: 0 | other: 0
[2025-11-24 20:38 UTC] Classified: 3 items | mention: 366 | bug: 60 | love: 69 | question: 108 | other: 15
[2025-11-24 20:47 UTC] Classified: 8 items | mention: 6 | bug: 0 | love: 0 | question: 2 | other: 0
[2025-11-24 20:55 UTC] Classified: 1 items | question: 1
[2025-11-24 21:07 UTC] Classified: 7 items | mention: 3 | bug: 0 | love: 3 | question: 1 | other: 0
[2025-11-24 21:19 UTC] Classified: 3 items | mention: 3 | bug: 0 | love: 0 | question: 0 | other: 0
[2025-11-24 21:27 UTC] Classified: 4 items | mention: 3 | bug: 1 | love: 0 | question: 0 | other: 0
[2025-11-24 21:31 UTC] Classified: 1 items | mention: 0 | bug: 0 | love: 1 | question: 0 | other: 0
[2025-11-24 21:41 UTC] Classified: 1 items | mention: 0 | bug: 0 | love: 1 | question: 0 | other: 0
[2025-11-24 21:49 UTC] Classified: 4 items | mention: 1 | bug: 0 | love: 1 | question: 2 | other: 0
[2025-11-24 22:00 UTC] Classified: 2 items | mention: 1 | bug: 1 | love: 0 | question: 0 | other: 0
[2025-11-24 22:30 UTC] Classified: 2 items | mention: 383 | bug: 62 | love: 76 | question: 115 | other: 15
[2025-11-24 22:46 UTC] Classified: 1 items | mention: 1 | bug: 0 | love: 0 | question: 0 | other: 0
[2025-11-24 22:54:49 UTC] Classified: 1 items | mention: 0 | bug: 0 | love: 0 | question: 1 | other: 0
[2025-11-24 23:07 UTC] Classified: 2 items | mention: 1 | bug: 0 | love: 0 | question: 1 | other: 0
[2025-11-24 23:31 UTC] Classified: 3 items | mention: 1 | bug: 0 | love: 2 | question: 0 | other: 0
[2025-11-24 23:48 UTC] Classified: 1 items | mention: 0 | bug: 0 | love: 0 | question: 1 | other: 0
[2025-11-24 23:56 UTC] Classified: 1 items | mention: 386 | bug: 62 | love: 78 | question: 119 | other: 15
[2025-11-25 00:24 UTC] Classified: 3 items | mention: 2 | bug: 0 | love: 0 | question: 1 | other: 0
[2025-11-25 01:26 UTC] Classified: 2 items | mention: 0 | bug: 0 | love: 1 | question: 1 | other: 0
[2025-11-25 02:15 UTC] Classified: 1 items | mention: 1
[2025-11-25 02:55 UTC] Classified: 5 items | mention: 1 | bug: 0 | love: 0 | question: 4 | other: 0
[2025-11-25 03:29 UTC] Classified: 5 items | mention: 0 | bug: 0 | love: 3 | question: 2 | other: 0
[2025-11-25 03:51 UTC] Classified: 3 items | mention: 2 | bug: 0 | love: 1 | question: 0 | other: 0
[2025-11-25 03:59 UTC] Classified: 2 items | mention: 0 | bug: 1 | love: 1 | question: 0 | other: 0
[2025-11-25 04:36 UTC] Classified: 1 items | mention: 0 | bug: 0 | love: 0 | question: 1 | other: 0
[2025-11-25 04:50 UTC] Classified: 1 items | mention: 0 | bug: 0 | love: 1 | question: 0 | other: 0
[2025-11-25 04:57 UTC] Classified: 1 items | mention: 0 | bug: 1 | love: 0 | question: 0 | other: 0
[2025-11-25 05:09 UTC] Classified: 1 items | mention: 0 | bug: 0 | love: 0 | question: 1 | other: 0
[2025-11-25 05:40 UTC] Classified: 1 items | mention: 0 | bug: 0 | love: 0 | question: 1 | other: 0
[2025-11-25 05:49 UTC] Classified: 1 items | mention: 1 | bug: 0 | love: 0 | question: 0 | other: 0
[2025-11-25 07:54 UTC] Classified: 1 items | mention: 1 | bug: 0 | love: 0 | question: 0 | other: 0
[2025-11-25 08:10 UTC] Classified: 8 items | mention: 4 | bug: 1 | love: 2 | question: 1 | other: 0
[2025-11-25 08:25 UTC] Classified: 2 items | mention: 1 | bug: 0 | love: 1 | question: 0 | other: 0
[2025-11-25 08:43 UTC] Classified: 1 items | mention: 0 | bug: 0 | love: 1 | question: 0 | other: 0
[2025-11-25 09:03 UTC] Classified: 1 items | mention: 0 | bug: 0 | love: 1 | question: 0 | other: 0
[2025-11-25 09:12 UTC] Classified: 1 items | mention: 1 | bug: 0 | love: 0 | question: 0 | other: 0
[2025-11-25 09:32 UTC] Classified: 4 items | mention: 2 | bug: 0 | love: 1 | question: 1 | other: 0
[2025-11-25 09:48 UTC] Classified: 1 items | mention: 0 | bug: 1 | love: 0 | question: 0 | other: 0
[2025-11-25 10:10 UTC] Classified: 2 items | mention: 0 | bug: 1 | love: 0 | question: 1 | other: 0
[2025-11-25 10:33 UTC] Classified: 1 items | mention: 0 | bug: 0 | love: 0 | question: 1 | other: 0
[2025-11-25 11:20 UTC] Classified: 1 items | mention: 0 | bug: 0 | love: 1 | question: 0 | other: 0
[2025-11-25 11:28 UTC] Classified: 2 items | mention: 1 | bug: 0 | love: 1 | question: 0 | other: 0
[2025-11-25 11:40 UTC] Classified: 1 items | mention: 1 | bug: 0 | love: 0 | question: 0 | other: 0
[2025-11-25 11:49 UTC] Classified: 12 items | mention: 11 | bug: 0 | love: 0 | question: 1 | other: 0
[2025-11-25 11:52 UTC] Classified: 1 items | mention: 0 | bug: 0 | love: 0 | question: 1 | other: 0
[2025-11-25 12:13 UTC] Classified: 3 items | mention: 1 | bug: 0 | love: 1 | question: 1 | other: 0
[2025-11-25 12:35 UTC] Classified: 1 items | mention: 0 | bug: 0 | love: 1 | question: 0 | other: 0
[2025-11-25 13:40 UTC] Classified: 1 items | mention: 0 | bug: 0 | love: 1 | question: 0 | other: 0
[2025-11-25 13:54 UTC] Classified: 2 items | mention: 1 | bug: 0 | love: 1 | question: 0 | other: 0
[2025-11-25 14:08 UTC] Classified: 3 items | mention: 1 | bug: 1 | love: 1 | question: 0 | other: 0
[2025-11-25 14:21 UTC] Classified: 2 items | mention: 2 | bug: 0 | love: 0 | question: 0 | other: 0
[2025-11-25 14:36 UTC] Classified: 1 items | mention: 1 | bug: 0 | love: 0 | question: 0 | other: 0
[2025-11-25 14:49 UTC] Classified: 2 items | mention: 1 | bug: 1 | love: 0 | question: 0 | other: 0
[2025-11-25 15:09 UTC] Classified: 2 items | mention: 0 | bug: 0 | love: 1 | question: 1 | other: 0
[2025-11-25 15:24 UTC] Classified: 2 items | mention: 1 | bug: 0 | love: 1 | question: 0 | other: 0
[2025-11-25 15:35 UTC] Classified: 2 items | mention: 0 | bug: 0 | love: 2 | question: 0 | other: 0
[2025-11-25 15:57 UTC] Classified: 1 items | mention: 0 | bug: 1 | love: 0 | question: 0 | other: 0
[2025-11-25 16:09 UTC] Classified: 1 items | mention: 1 | bug: 0 | love: 0 | question: 0 | other: 0
[2025-11-25 16:23 UTC] Classified: 3 items | mention: 0 | bug: 0 | love: 2 | question: 1 | other: 0
[2025-11-25 16:44 UTC] Classified: 9 items | mention: 7 | bug: 0 | love: 2 | question: 0 | other: 0
[2025-11-25 16:58 UTC] Classified: 4 items | mention: 2 | bug: 0 | love: 1 | question: 1 | other: 0
[2025-11-25 17:11 UTC] Classified: 1 items | mention: 1 | bug: 0 | love: 0 | question: 0 | other: 0
[2025-11-25 17:24 UTC] Classified: 4 items | mention: 3 | bug: 0 | love: 0 | question: 1 | other: 0
[2025-11-25 17:30 UTC] Classified: 3 items | mention: 2 | bug: 0 | love: 1 | question: 0 | other: 0
[2025-11-25 17:45 UTC] Classified: 1 items | mention: 0 | bug: 0 | love: 0 | question: 1 | other: 0
[2025-11-25 18:01 UTC] Classified: 1 items | mention: 0 | bug: 0 | love: 1 | question: 0 | other: 0
[2025-11-25 18:25 UTC] Classified: 6 items | mention: 4 | bug: 1 | love: 1 | question: 0 | other: 0
[2025-11-25 18:43 UTC] Classified: 1 items | mention: 0 | bug: 1 | love: 0 | question: 0 | other: 0
[2025-11-25 18:58 UTC] Classified: 3 items | mention: 1 | bug: 1 | love: 0 | question: 1 | other: 0
[2025-11-25 19:19 UTC] Classified: 1 items | mention: 0 | bug: 0 | love: 0 | question: 1 | other: 0
[2025-11-25 19:28 UTC] Classified: 1 items | mention: 0 | bug: 0 | love: 0 | question: 1 | other: 0
[2025-11-25 19:56 UTC] Classified: 1 items | mention: 1 | bug: 0 | love: 0 | question: 0 | other: 0
[2025-11-25 20:08 UTC] Classified: 1 items | mention: 1 | bug: 0 | love: 0 | question: 0 | other: 0
[2025-11-25 20:22 UTC] Classified: 6 items | mention: 3 | bug: 0 | love: 3 | question: 0 | other: 0
[2025-11-25 20:36 UTC] Classified: 6 items | mention: 2 | bug: 1 | love: 2 | question: 1 | other: 0
[2025-11-25 21:31 UTC] Classified: 8 items | mention: 2 | bug: 3 | love: 2 | question: 1 | other: 0
[2025-11-25 21:40 UTC] Classified: 2 items | mention: 0 | bug: 1 | love: 1 | question: 0 | other: 0
[2025-11-25 21:51 UTC] Classified: 1 items | mention: 0 | bug: 0 | love: 0 | question: 1 | other: 0
[2025-11-25 21:56 UTC] Classified: 1 items | mention: 0 | bug: 1 | love: 0 | question: 0 | other: 0
[2025-11-25 22:46 UTC] Classified: 2 items | mention: 1 | bug: 0 | love: 1 | question: 0 | other: 0
[2025-11-25 22:54 UTC] Classified: 1 items | mention: 1 | bug: 0 | love: 0 | question: 0 | other: 0
[2025-11-25 23:07 UTC] Classified: 2 items | mention: 1 | bug: 1 | love: 0 | question: 0 | other: 0
[2025-11-25 23:31 UTC] Classified: 1 items | mention: 1 | bug: 0 | love: 0 | question: 0 | other: 0
[2025-11-26 00:26 UTC] Classified: 1 items | mention: 0 | bug: 0 | love: 1 | question: 0 | other: 0
[2025-11-26 00:39 UTC] Classified: 1 items | mention: 1 | bug: 0 | love: 0 | question: 0 | other: 0
[2025-11-26 01:26 UTC] Classified: 7 items | mention: 2 | bug: 0 | love: 4 | question: 1 | other: 0
[2025-11-26 02:15 UTC] Classified: 10 items | mention: 5 | bug: 1 | love: 2 | question: 2 | other: 0
[2025-11-26 02:47 UTC] Classified: 3 items | mention: 3 | bug: 0 | love: 0 | question: 0 | other: 0
[2025-11-26 03:29 UTC] Classified: 3 items | mention: 2 | bug: 1 | love: 0 | question: 0 | other: 0
[2025-11-26 03:51 UTC] Classified: 1 items | mention: 0 | bug: 1 | love: 0 | question: 0 | other: 0
[2025-11-26 04:49 UTC] Classified: 1 items | mention: 0 | bug: 0 | love: 1 | question: 0 | other: 0
[2025-11-26 06:25 UTC] Classified: 1 items | mention: 1 | bug: 0 | love: 0 | question: 0 | other: 0
[2025-11-26 06:46 UTC] Classified: 2 items | mention: 0 | bug: 1 | love: 0 | question: 1 | other: 0
[2025-11-26 07:11 UTC] Classified: 2 items | mention: 0 | bug: 1 | love: 1 | question: 0 | other: 0
[2025-11-26 07:24 UTC] Classified: 1 items | mention: 0 | bug: 0 | love: 0 | question: 1 | other: 0
[2025-11-26 07:46 UTC] Classified: 1 items | mention: 0 | bug: 0 | love: 0 | question: 1 | other: 0
[2025-11-26 07:55 UTC] Classified: 3 items | mention: 0 | bug: 0 | love: 1 | question: 2 | other: 0
[2025-11-26 08:09 UTC] Classified: 4 items | mention: 3 | bug: 0 | love: 0 | question: 1 | other: 0
[2025-11-26 08:14 UTC] Classified: 1 items | mention: 0 | bug: 0 | love: 1 | question: 0 | other: 0
[2025-11-26 08:42 UTC] Classified: 2 items | mention: 1 | bug: 0 | love: 0 | question: 1 | other: 0
[2025-11-26 09:10 UTC] Classified: 2 items | mention: 1 | bug: 1 | love: 0 | question: 0 | other: 0
[2025-11-26 09:24 UTC] Classified: 3 items | mention: 3 | bug: 0 | love: 0 | question: 0 | other: 0
[2025-11-26 09:38 UTC] Classified: 4 items | mention: 4 | bug: 0 | love: 0 | question: 0 | other: 0
[2025-11-26 09:51 UTC] Classified: 6 items | mention: 5 | bug: 0 | love: 1 | question: 0 | other: 0
[2025-11-26 09:59 UTC] Classified: 2 items | mention: 0 | bug: 1 | love: 1 | question: 0 | other: 0
[2025-11-26 10:10 UTC] Classified: 3 items | mention: 3 | bug: 0 | love: 0 | question: 0 | other: 0
[2025-11-26 10:26 UTC] Classified: 1 items | mention: 0 | bug: 1 | love: 0 | question: 0 | other: 0
[2025-11-26 10:52 UTC] Classified: 2 items | mention: 1 | bug: 1 | love: 0 | question: 0 | other: 0
[2025-11-26 11:07 UTC] Classified: 1 items | mention: 0 | bug: 0 | love: 0 | question: 1 | other: 0
[2025-11-26 11:31 UTC] Classified: 1 items | mention: 0 | bug: 0 | love: 1 | question: 0 | other: 0
[2025-11-26 11:56 UTC] Classified: 1 items | mention: 0 | bug: 0 | love: 0 | question: 1 | other: 0
[2025-11-26 12:12 UTC] Classified: 1 items | mention: 1 | bug: 0 | love: 0 | question: 0 | other: 0
[2025-11-26 13:03 UTC] Classified: 3 items | mention: 2 | bug: 1 | love: 0 | question: 0 | other: 0
[2025-11-26 13:26 UTC] Classified: 2 items | mention: 1 | bug: 0 | love: 0 | question: 1 | other: 0
[2025-11-26 14:00 UTC] Classified: 1 items | mention: 0 | bug: 1 | love: 0 | question: 0 | other: 0
[2025-11-26 14:08 UTC] Classified: 1 items | mention: 0 | bug: 0 | love: 1 | question: 0 | other: 0
[2025-11-26 14:36 UTC] Classified: 2 items | mention: 1 | bug: 0 | love: 1 | question: 0 | other: 0
[2025-11-26 14:53 UTC] Classified: 1 items | mention: 1 | bug: 0 | love: 0 | question: 0 | other: 0
[2025-11-26 15:08 UTC] Classified: 1 items | mention: 0 | bug: 0 | love: 1 | question: 0 | other: 0
[2025-11-26 15:21 UTC] Classified: 1 items | mention: 1 | bug: 0 | love: 0 | question: 0 | other: 0
